[space-invaders-dqd4.vercel.app/index.html]
[backblue.gif]
[fade.gif]
[index.html]
[space-invaders-dqd4.vercel.app/logo.png]
[space-invaders-dqd4.vercel.app/space.js]
[space-invaders-dqd4.vercel.app/alien2.png]
[space-invaders-dqd4.vercel.app/alien1.png]
[space-invaders-dqd4.vercel.app/ship.png]
[space-invaders-dqd4.vercel.app/meteor.png]
[space-invaders-dqd4.vercel.app/tokenomics-text.png]
[space-invaders-dqd4.vercel.app/planet.png]
[space-invaders-dqd4.vercel.app/roadmap.png]
[space-invaders-dqd4.vercel.app/roadmap1.png]
[space-invaders-dqd4.vercel.app/game.png]
[space-invaders-dqd4.vercel.app/arrows.png]
[space-invaders-dqd4.vercel.app/space.png]
[space-invaders-dqd4.vercel.app/switch.png]
[space-invaders-dqd4.vercel.app/buy.png]
[space-invaders-dqd4.vercel.app/twitter.png]
[space-invaders-dqd4.vercel.app/index.html]
[space-invaders-dqd4.vercel.app/space.css]
[space-invaders-dqd4.vercel.app/Crang.ttf]
